13:49:31 INFO  : Registering command handlers for SDK TCF services
13:49:32 INFO  : Launching XSCT server: xsct.bat -interactive C:\GIT\BLDC-motor-controller\temp_xsdb_launch_script.tcl
13:49:35 INFO  : XSCT server has started successfully.
13:49:42 INFO  : Successfully done setting XSCT server connection channel  
13:49:42 INFO  : Successfully done setting SDK workspace  
13:55:46 INFO  : Connected to target on host '127.0.0.1' and port '3121'.
13:55:50 INFO  : Connected to target on host '127.0.0.1' and port '3121'.
13:55:50 INFO  : 'targets -set -filter {jtag_cable_name =~ "JTAG-ONB4 2516330009BDA" && level==0} -index 1' command is executed.
13:55:51 INFO  : FPGA configured successfully with bitstream "C:/GIT/BLDC-motor-controller/bitstream.bit"
13:56:58 INFO  : Connected to target on host '127.0.0.1' and port '3121'.
13:56:58 WARN  : Part name present in the hardware specification 'xc7z020clg484-1' doesn't match the one present on the target 'xc7z010'.
13:57:03 INFO  : Jtag cable 'JTAG-ONB4 2516330009BDA' is selected.
13:57:03 INFO  : 'jtag frequency' command is executed.
13:57:03 INFO  : Sourcing of 'C:/GIT/BLDC-motor-controller/ZC702_hw_platform/ps7_init.tcl' is done.
13:57:04 INFO  : Context for 'APU' is selected.
13:57:04 INFO  : Hardware design information is loaded from 'C:/GIT/BLDC-motor-controller/ZC702_hw_platform/system.hdf'.
13:57:04 INFO  : 'configparams force-mem-access 1' command is executed.
13:57:04 INFO  : Context for 'APU' is selected.
13:57:04 INFO  : 'stop' command is executed.
13:57:04 ERROR : Memory read error at 0xF8F00208. APB AP transaction error, DAP status f0000021
13:57:04 INFO  : ----------------XSDB Script----------------
connect -url tcp:127.0.0.1:3121
source C:/GIT/BLDC-motor-controller/ZC702_hw_platform/ps7_init.tcl
targets -set -nocase -filter {name =~"APU*" && jtag_cable_name =~ "JTAG-ONB4 2516330009BDA"} -index 0
loadhw -hw C:/GIT/BLDC-motor-controller/ZC702_hw_platform/system.hdf -mem-ranges [list {0x40000000 0xbfffffff}]
configparams force-mem-access 1
targets -set -nocase -filter {name =~"APU*" && jtag_cable_name =~ "JTAG-ONB4 2516330009BDA"} -index 0
stop
ps7_init
----------------End of Script----------------

13:57:58 INFO  : Connected to target on host '127.0.0.1' and port '3121'.
13:57:58 WARN  : Part name present in the hardware specification 'xc7z020clg484-1' doesn't match the one present on the target 'xc7z010'.
13:57:59 INFO  : Jtag cable 'JTAG-ONB4 2516330009BDA' is selected.
13:57:59 INFO  : 'jtag frequency' command is executed.
13:57:59 INFO  : Sourcing of 'C:/GIT/BLDC-motor-controller/ZC702_hw_platform/ps7_init.tcl' is done.
13:57:59 INFO  : Context for 'APU' is selected.
13:57:59 INFO  : Hardware design information is loaded from 'C:/GIT/BLDC-motor-controller/ZC702_hw_platform/system.hdf'.
13:57:59 INFO  : 'configparams force-mem-access 1' command is executed.
13:57:59 INFO  : Context for 'APU' is selected.
13:57:59 INFO  : 'stop' command is executed.
13:57:59 ERROR : AP transaction error, DAP status f0000021
13:57:59 INFO  : ----------------XSDB Script----------------
connect -url tcp:127.0.0.1:3121
source C:/GIT/BLDC-motor-controller/ZC702_hw_platform/ps7_init.tcl
targets -set -nocase -filter {name =~"APU*" && jtag_cable_name =~ "JTAG-ONB4 2516330009BDA"} -index 0
loadhw -hw C:/GIT/BLDC-motor-controller/ZC702_hw_platform/system.hdf -mem-ranges [list {0x40000000 0xbfffffff}]
configparams force-mem-access 1
targets -set -nocase -filter {name =~"APU*" && jtag_cable_name =~ "JTAG-ONB4 2516330009BDA"} -index 0
stop
ps7_init
----------------End of Script----------------

13:58:29 INFO  : Connected to target on host '127.0.0.1' and port '3121'.
13:58:29 INFO  : 'targets -set -filter {jtag_cable_name =~ "JTAG-ONB4 2516330009BDA" && level==0} -index 1' command is executed.
13:58:32 ERROR : fpga configuration failed. DONE PIN is not HIGH
13:58:43 INFO  : Connected to target on host '127.0.0.1' and port '3121'.
13:58:43 INFO  : 'targets -set -filter {jtag_cable_name =~ "JTAG-ONB4 2516330009BDA" && level==0} -index 1' command is executed.
13:58:46 ERROR : fpga configuration failed. DONE PIN is not HIGH
14:01:26 INFO  : Registering command handlers for SDK TCF services
14:01:26 INFO  : Launching XSCT server: xsct.bat -interactive C:\GIT\BLDC-motor-controller\temp_xsdb_launch_script.tcl
14:01:29 INFO  : XSCT server has started successfully.
14:01:38 INFO  : Successfully done setting XSCT server connection channel  
14:01:38 INFO  : Successfully done setting SDK workspace  
14:04:41 ERROR : (XSDB Server)ERROR: [Hsi 55-1518] No design name specified

14:04:41 ERROR : Failed to closehw "C:/GIT/BLDC-motor-controller/board.xml"
Reason: ERROR: [Common 17-39] 'hsi::close_hw_design' failed due to earlier errors.

14:06:11 INFO  : Registering command handlers for SDK TCF services
14:06:11 INFO  : Launching XSCT server: xsct.bat -interactive C:\GIT\BLDC-motor-controller\temp_xsdb_launch_script.tcl
14:06:13 INFO  : XSCT server has started successfully.
14:06:16 INFO  : Successfully done setting XSCT server connection channel  
14:06:16 INFO  : Successfully done setting SDK workspace  
