
*** Running vivado
    with args -log BLDC_design_debounce_0_0.vds -m64 -product Vivado -mode batch -messageDb vivado.pb -notrace -source BLDC_design_debounce_0_0.tcl


****** Vivado v2017.2 (64-bit)
  **** SW Build 1909853 on Thu Jun 15 18:39:09 MDT 2017
  **** IP Build 1909766 on Thu Jun 15 19:58:00 MDT 2017
    ** Copyright 1986-2017 Xilinx, Inc. All Rights Reserved.

source BLDC_design_debounce_0_0.tcl -notrace
Command: synth_design -top BLDC_design_debounce_0_0 -part xc7z010clg225-1 -mode out_of_context
Starting synth_design
Attempting to get a license for feature 'Synthesis' and/or device 'xc7z010-clg225'
INFO: [Common 17-349] Got license for feature 'Synthesis' and/or device 'xc7z010-clg225'
INFO: Launching helper process for spawning children vivado processes
INFO: Helper process launched with PID 16076 
---------------------------------------------------------------------------------
Starting Synthesize : Time (s): cpu = 00:00:04 ; elapsed = 00:00:04 . Memory (MB): peak = 317.914 ; gain = 78.875
---------------------------------------------------------------------------------
INFO: [Synth 8-638] synthesizing module 'BLDC_design_debounce_0_0' [c:/GIT/BLDC-motor-controller/BLDC-motor-controller.srcs/sources_1/bd/BLDC_design/ip/BLDC_design_debounce_0_0/synth/BLDC_design_debounce_0_0.vhd:65]
	Parameter delay_in bound to: 24'b000000000000000000000100 
INFO: [Synth 8-3491] module 'debounce' declared at 'C:/GIT/BLDC-motor-controller/BLDC-motor-controller.ip_user_files/libraries/debounce.vhd:11' bound to instance 'U0' of component 'debounce' [c:/GIT/BLDC-motor-controller/BLDC-motor-controller.srcs/sources_1/bd/BLDC_design/ip/BLDC_design_debounce_0_0/synth/BLDC_design_debounce_0_0.vhd:88]
INFO: [Synth 8-638] synthesizing module 'debounce' [C:/GIT/BLDC-motor-controller/BLDC-motor-controller.ip_user_files/libraries/debounce.vhd:25]
	Parameter delay_in bound to: 24'b000000000000000000000100 
INFO: [Synth 8-256] done synthesizing module 'debounce' (1#1) [C:/GIT/BLDC-motor-controller/BLDC-motor-controller.ip_user_files/libraries/debounce.vhd:25]
INFO: [Synth 8-256] done synthesizing module 'BLDC_design_debounce_0_0' (2#1) [c:/GIT/BLDC-motor-controller/BLDC-motor-controller.srcs/sources_1/bd/BLDC_design/ip/BLDC_design_debounce_0_0/synth/BLDC_design_debounce_0_0.vhd:65]
---------------------------------------------------------------------------------
Finished Synthesize : Time (s): cpu = 00:00:05 ; elapsed = 00:00:05 . Memory (MB): peak = 356.988 ; gain = 117.949
---------------------------------------------------------------------------------
---------------------------------------------------------------------------------
Finished Constraint Validation : Time (s): cpu = 00:00:05 ; elapsed = 00:00:05 . Memory (MB): peak = 356.988 ; gain = 117.949
---------------------------------------------------------------------------------
---------------------------------------------------------------------------------
Start Loading Part and Timing Information
---------------------------------------------------------------------------------
Loading part: xc7z010clg225-1
---------------------------------------------------------------------------------
Finished Loading Part and Timing Information : Time (s): cpu = 00:00:05 ; elapsed = 00:00:05 . Memory (MB): peak = 356.988 ; gain = 117.949
---------------------------------------------------------------------------------
INFO: [Device 21-403] Loading part xc7z010clg225-1
INFO: [Synth 8-802] inferred FSM for state register 'pr_state_reg' in module 'debounce'
WARNING: [Synth 8-6014] Unused sequential element pr_state_reg was removed.  [C:/GIT/BLDC-motor-controller/BLDC-motor-controller.ip_user_files/libraries/debounce.vhd:42]
INFO: [Synth 8-5544] ROM "nx_state" won't be mapped to Block RAM because address size (1) smaller than threshold (5)
INFO: [Synth 8-5544] ROM "nx_state" won't be mapped to Block RAM because address size (1) smaller than threshold (5)
INFO: [Synth 8-5544] ROM "nx_state" won't be mapped to Block RAM because address size (1) smaller than threshold (5)
INFO: [Synth 8-5544] ROM "nx_state" won't be mapped to Block RAM because address size (1) smaller than threshold (5)
INFO: [Synth 8-5544] ROM "nx_state" won't be mapped to Block RAM because address size (1) smaller than threshold (5)
WARNING: [Synth 8-6014] Unused sequential element timer_reg_reg was removed.  [C:/GIT/BLDC-motor-controller/BLDC-motor-controller.ip_user_files/libraries/debounce.vhd:40]
WARNING: [Synth 8-6014] Unused sequential element pr_state_reg was removed.  [C:/GIT/BLDC-motor-controller/BLDC-motor-controller.ip_user_files/libraries/debounce.vhd:42]
WARNING: [Synth 8-6014] Unused sequential element pr_state_reg was removed.  [C:/GIT/BLDC-motor-controller/BLDC-motor-controller.ip_user_files/libraries/debounce.vhd:42]
---------------------------------------------------------------------------------------------------
                   State |                     New Encoding |                Previous Encoding 
---------------------------------------------------------------------------------------------------
                    idle |                              000 |                              000
                low_rest |                              001 |                              001
                low_wait |                              010 |                              010
               high_rest |                              011 |                              011
               high_wait |                              100 |                              100
---------------------------------------------------------------------------------------------------
INFO: [Synth 8-3354] encoded FSM with state register 'pr_state_reg' using encoding 'sequential' in module 'debounce'
WARNING: [Synth 8-6014] Unused sequential element pr_state_reg was removed.  [C:/GIT/BLDC-motor-controller/BLDC-motor-controller.ip_user_files/libraries/debounce.vhd:42]
---------------------------------------------------------------------------------
Finished RTL Optimization Phase 2 : Time (s): cpu = 00:00:05 ; elapsed = 00:00:05 . Memory (MB): peak = 356.988 ; gain = 117.949
---------------------------------------------------------------------------------

Report RTL Partitions: 
+-+--------------+------------+----------+
| |RTL Partition |Replication |Instances |
+-+--------------+------------+----------+
+-+--------------+------------+----------+
No constraint files found.
---------------------------------------------------------------------------------
Start RTL Component Statistics 
---------------------------------------------------------------------------------
Detailed RTL Component Info : 
+---Muxes : 
	   2 Input      3 Bit        Muxes := 1     
	   3 Input      3 Bit        Muxes := 1     
	   5 Input      3 Bit        Muxes := 2     
	  14 Input      3 Bit        Muxes := 1     
	   3 Input      2 Bit        Muxes := 2     
	   2 Input      2 Bit        Muxes := 1     
	   2 Input      1 Bit        Muxes := 1     
	   5 Input      1 Bit        Muxes := 1     
---------------------------------------------------------------------------------
Finished RTL Component Statistics 
---------------------------------------------------------------------------------
---------------------------------------------------------------------------------
Start RTL Hierarchical Component Statistics 
---------------------------------------------------------------------------------
Hierarchical RTL Component report 
Module debounce 
Detailed RTL Component Info : 
+---Muxes : 
	   2 Input      3 Bit        Muxes := 1     
	   3 Input      3 Bit        Muxes := 1     
	   5 Input      3 Bit        Muxes := 2     
	  14 Input      3 Bit        Muxes := 1     
	   3 Input      2 Bit        Muxes := 2     
	   2 Input      2 Bit        Muxes := 1     
	   2 Input      1 Bit        Muxes := 1     
	   5 Input      1 Bit        Muxes := 1     
---------------------------------------------------------------------------------
Finished RTL Hierarchical Component Statistics
---------------------------------------------------------------------------------
---------------------------------------------------------------------------------
Start Part Resource Summary
---------------------------------------------------------------------------------
Part Resources:
DSPs: 80 (col length:40)
BRAMs: 120 (col length: RAMB18 40 RAMB36 20)
---------------------------------------------------------------------------------
Finished Part Resource Summary
---------------------------------------------------------------------------------
No constraint files found.
---------------------------------------------------------------------------------
Start Cross Boundary and Area Optimization
---------------------------------------------------------------------------------
WARNING: [Synth 8-6014] Unused sequential element U0/timer_reg_reg was removed.  [C:/GIT/BLDC-motor-controller/BLDC-motor-controller.ip_user_files/libraries/debounce.vhd:40]
---------------------------------------------------------------------------------
Finished Cross Boundary and Area Optimization : Time (s): cpu = 00:00:10 ; elapsed = 00:00:11 . Memory (MB): peak = 482.676 ; gain = 243.637
---------------------------------------------------------------------------------

Report RTL Partitions: 
+-+--------------+------------+----------+
| |RTL Partition |Replication |Instances |
+-+--------------+------------+----------+
+-+--------------+------------+----------+
No constraint files found.
---------------------------------------------------------------------------------
Start Timing Optimization
---------------------------------------------------------------------------------
---------------------------------------------------------------------------------
Finished Timing Optimization : Time (s): cpu = 00:00:10 ; elapsed = 00:00:11 . Memory (MB): peak = 482.676 ; gain = 243.637
---------------------------------------------------------------------------------

Report RTL Partitions: 
+-+--------------+------------+----------+
| |RTL Partition |Replication |Instances |
+-+--------------+------------+----------+
+-+--------------+------------+----------+
---------------------------------------------------------------------------------
Start Technology Mapping
---------------------------------------------------------------------------------
---------------------------------------------------------------------------------
Finished Technology Mapping : Time (s): cpu = 00:00:10 ; elapsed = 00:00:11 . Memory (MB): peak = 484.680 ; gain = 245.641
---------------------------------------------------------------------------------

Report RTL Partitions: 
+-+--------------+------------+----------+
| |RTL Partition |Replication |Instances |
+-+--------------+------------+----------+
+-+--------------+------------+----------+
---------------------------------------------------------------------------------
Start IO Insertion
---------------------------------------------------------------------------------
---------------------------------------------------------------------------------
Start Flattening Before IO Insertion
---------------------------------------------------------------------------------
---------------------------------------------------------------------------------
Finished Flattening Before IO Insertion
---------------------------------------------------------------------------------
---------------------------------------------------------------------------------
Start Final Netlist Cleanup
---------------------------------------------------------------------------------
---------------------------------------------------------------------------------
Finished Final Netlist Cleanup
---------------------------------------------------------------------------------
---------------------------------------------------------------------------------
Finished IO Insertion : Time (s): cpu = 00:00:11 ; elapsed = 00:00:12 . Memory (MB): peak = 484.680 ; gain = 245.641
---------------------------------------------------------------------------------

Report Check Netlist: 
+------+------------------+-------+---------+-------+------------------+
|      |Item              |Errors |Warnings |Status |Description       |
+------+------------------+-------+---------+-------+------------------+
|1     |multi_driven_nets |      0|        0|Passed |Multi driven nets |
+------+------------------+-------+---------+-------+------------------+
---------------------------------------------------------------------------------
Start Renaming Generated Instances
---------------------------------------------------------------------------------
---------------------------------------------------------------------------------
Finished Renaming Generated Instances : Time (s): cpu = 00:00:11 ; elapsed = 00:00:12 . Memory (MB): peak = 484.680 ; gain = 245.641
---------------------------------------------------------------------------------

Report RTL Partitions: 
+-+--------------+------------+----------+
| |RTL Partition |Replication |Instances |
+-+--------------+------------+----------+
+-+--------------+------------+----------+
---------------------------------------------------------------------------------
Start Rebuilding User Hierarchy
---------------------------------------------------------------------------------
---------------------------------------------------------------------------------
Finished Rebuilding User Hierarchy : Time (s): cpu = 00:00:11 ; elapsed = 00:00:12 . Memory (MB): peak = 484.680 ; gain = 245.641
---------------------------------------------------------------------------------
---------------------------------------------------------------------------------
Start Renaming Generated Ports
---------------------------------------------------------------------------------
---------------------------------------------------------------------------------
Finished Renaming Generated Ports : Time (s): cpu = 00:00:11 ; elapsed = 00:00:12 . Memory (MB): peak = 484.680 ; gain = 245.641
---------------------------------------------------------------------------------
---------------------------------------------------------------------------------
Start Handling Custom Attributes
---------------------------------------------------------------------------------
---------------------------------------------------------------------------------
Finished Handling Custom Attributes : Time (s): cpu = 00:00:11 ; elapsed = 00:00:12 . Memory (MB): peak = 484.680 ; gain = 245.641
---------------------------------------------------------------------------------
---------------------------------------------------------------------------------
Start Renaming Generated Nets
---------------------------------------------------------------------------------
---------------------------------------------------------------------------------
Finished Renaming Generated Nets : Time (s): cpu = 00:00:11 ; elapsed = 00:00:12 . Memory (MB): peak = 484.680 ; gain = 245.641
---------------------------------------------------------------------------------
---------------------------------------------------------------------------------
Start Writing Synthesis Report
---------------------------------------------------------------------------------

Report BlackBoxes: 
+-+--------------+----------+
| |BlackBox name |Instances |
+-+--------------+----------+
+-+--------------+----------+

Report Cell Usage: 
+------+-------+------+
|      |Cell   |Count |
+------+-------+------+
|1     |CARRY4 |     6|
|2     |LUT3   |     1|
|3     |LUT4   |     3|
|4     |LUT5   |     5|
|5     |LUT6   |    32|
|6     |FDCE   |    26|
|7     |FDPE   |     1|
+------+-------+------+

Report Instance Areas: 
+------+---------+---------+------+
|      |Instance |Module   |Cells |
+------+---------+---------+------+
|1     |top      |         |    74|
|2     |  U0     |debounce |    74|
+------+---------+---------+------+
---------------------------------------------------------------------------------
Finished Writing Synthesis Report : Time (s): cpu = 00:00:11 ; elapsed = 00:00:12 . Memory (MB): peak = 484.680 ; gain = 245.641
---------------------------------------------------------------------------------
Synthesis finished with 0 errors, 0 critical warnings and 6 warnings.
Synthesis Optimization Runtime : Time (s): cpu = 00:00:11 ; elapsed = 00:00:12 . Memory (MB): peak = 484.680 ; gain = 245.641
Synthesis Optimization Complete : Time (s): cpu = 00:00:11 ; elapsed = 00:00:12 . Memory (MB): peak = 484.680 ; gain = 245.641
INFO: [Project 1-571] Translating synthesized netlist
INFO: [Netlist 29-17] Analyzing 6 Unisim elements for replacement
INFO: [Netlist 29-28] Unisim Transformation completed in 0 CPU seconds
INFO: [Project 1-570] Preparing netlist for logic optimization
INFO: [Opt 31-138] Pushed 0 inverter(s) to 0 load pin(s).
INFO: [Project 1-111] Unisim Transformation Summary:
No Unisim elements were transformed.

20 Infos, 6 Warnings, 0 Critical Warnings and 0 Errors encountered.
synth_design completed successfully
synth_design: Time (s): cpu = 00:00:15 ; elapsed = 00:00:17 . Memory (MB): peak = 571.227 ; gain = 332.832
INFO: [Timing 38-35] Done setting XDC timing constraints.
INFO: [Common 17-1381] The checkpoint 'C:/GIT/BLDC-motor-controller/BLDC-motor-controller.runs/BLDC_design_debounce_0_0_synth_1/BLDC_design_debounce_0_0.dcp' has been generated.
write_checkpoint: Time (s): cpu = 00:00:16 ; elapsed = 00:00:18 . Memory (MB): peak = 1012.918 ; gain = 441.691
INFO: [Common 17-1381] The checkpoint 'C:/GIT/BLDC-motor-controller/BLDC-motor-controller.runs/BLDC_design_debounce_0_0_synth_1/BLDC_design_debounce_0_0.dcp' has been generated.
report_utilization: Time (s): cpu = 00:00:00 ; elapsed = 00:00:00.034 . Memory (MB): peak = 1014.105 ; gain = 0.000
INFO: [Common 17-206] Exiting Vivado at Tue Oct 31 13:18:47 2017...
