Unable to capture context for thread 7116 in process 1108, can not generate back trace
Unable to capture context for thread 8864 in process 1108, can not generate back trace
Unable to capture context for thread 10712 in process 1108, can not generate back trace
Exception at PC 0x00007FF82B5ABB93
Printing stacktrace...

[0]  [0x00007FF82B5ABB93]
[1]  [0x00007FF82B5ABB93]
[2]  [0x00007FF82B5AB4A1]
[3]  [0x00007FF82B5AB3EF]
[4]  [0x00007FF82B5919FE]
[5]  [0x00007FF82B590ED1]
[6]  [0x00007FF82B590D76]
[7]  [0x00007FF82B5379F6]
[8]  [0x00007FF82B527AFB]
[9]  [0x00007FF82B64E90A]
[10]  [0x00007FF82B669F87]
[11]  [0x00007FF82B66A05F]
[12] (BaseThreadInitThunk+0x14) [0x00007FF8ABC62774]
[13] (RtlUserThreadStart+0x21) [0x00007FF8ADF10D51]
Done
Exception at PC 0x00007FF82B2B1A52
Attemped to write at address 0x00007FF87196ABA4
Printing stacktrace...

[0]  [0x00007FF82B2B1A52]
[1]  [0x00007FF82B2B1A52]
[2]  [0x00007FF82B2B1AD4]
[3]  [0x00007FF82B3F3FF7]
[4]  [0x00007FF82B2D9128]
[5]  [0x00007FF82B58DFB9]
[6]  [0x00007FF82B75EF23]
[7]  [0x00007FF82B66B06B]
[8]  [0x00007FF82B6608AF]
[9]  [0x00007FF82B660A32]
[10] (RtlDeactivateActivationContextUnsafeFast+0x1af) [0x00007FF8ADEC485F]
[11] (LdrShutdownProcess+0x12c) [0x00007FF8ADEED43C]
[12] (RtlExitUserProcess+0xb4) [0x00007FF8ADEED2F4]
[13] (FatalExit+0xa) [0x00007FF8ABC6C0DA]
[14] (exit+0x75) [0x00007FF8AB7DA045]
[15] (initterm_e+0x21d) [0x00007FF8AB7DA68D]
[16]  [0x00000000004014CD]
[17]  [0x000000000040151B]
[18] (BaseThreadInitThunk+0x14) [0x00007FF8ABC62774]
[19] (RtlUserThreadStart+0x21) [0x00007FF8ADF10D51]
Done
